<?xml version="1.0" encoding="UTF-8"?>
<robot generator="Robot 4.1.2 (Python 3.10.0 on win32)" generated="20211110 17:23:26.111" rpa="false" schemaversion="2">
<suite id="s1" name="Api" source="C:\Users\toman\jak_automatizovat_testy\ucastnici\current\Tomanova_Nada\projekt\api.robot">
<test id="s1-t1" name="registrace ok">
<kw name="API Comunicaication">
<arg>{"targetid":"","kurz":"2","name":"Jan","surname":"Novak","email":"jan.novak@abc.cz","phone":"608123123","person":"fyz","address":"Brno","ico":"234563234","count":"1","comment":null,"souhlas":true}</arg>
<arg>200</arg>
<kw name="Encode String To Bytes" library="String">
<var>${json_utf8}</var>
<arg>${json}</arg>
<arg>UTF-8</arg>
<doc>Encodes the given Unicode ``string`` to bytes using the given ``encoding``.</doc>
<msg timestamp="20211110 17:23:26.297" level="INFO">${json_utf8} = {"targetid":"","kurz":"2","name":"Jan","surname":"Novak","email":"jan.novak@abc.cz","phone":"608123123","person":"fyz","address":"Brno","ico":"234563234","count":"1","comment":null,"souhlas":true}</msg>
<status status="PASS" starttime="20211110 17:23:26.297" endtime="20211110 17:23:26.297"/>
</kw>
<kw name="Create Dictionary" library="BuiltIn">
<var>&amp;{header}</var>
<arg>Content-Type=application/json</arg>
<arg>charset=utf-8</arg>
<doc>Creates and returns a dictionary based on the given ``items``.</doc>
<msg timestamp="20211110 17:23:26.297" level="INFO">&amp;{header} = { Content-Type=application/json | charset=utf-8 }</msg>
<status status="PASS" starttime="20211110 17:23:26.297" endtime="20211110 17:23:26.297"/>
</kw>
<kw name="Create Session" library="RequestsLibrary">
<arg>apilogin</arg>
<arg>${url}</arg>
<doc>Create Session: create a HTTP session to a server</doc>
<msg timestamp="20211110 17:23:26.297" level="INFO">Creating Session using : alias=apilogin, url=http://testovani.kitner.cz/, headers={},                     cookies={}, auth=None, timeout=None, proxies=None, verify=False,                     debug=0 </msg>
<status status="PASS" starttime="20211110 17:23:26.297" endtime="20211110 17:23:26.297"/>
</kw>
<kw name="POST On Session" library="RequestsLibrary">
<var>${resp}</var>
<arg>apilogin</arg>
<arg>${app}</arg>
<arg>data=${json_utf8}</arg>
<arg>headers=${header}</arg>
<arg>expected_status=Anything</arg>
<doc>Sends a POST request on a previously created HTTP Session.</doc>
<msg timestamp="20211110 17:23:26.356" level="INFO">POST Request : url=http://testovani.kitner.cz/regkurz/formsave.php 
 path_url=/regkurz/formsave.php 
 headers={'User-Agent': 'python-requests/2.26.0', 'Accept-Encoding': 'gzip, deflate', 'Accept': '*/*', 'Connection': 'keep-alive', 'Content-Type': 'application/json', 'charset': 'utf-8', 'Content-Length': '196'} 
 body=b'{"targetid":"","kurz":"2","name":"Jan","surname":"Novak","email":"jan.novak@abc.cz","phone":"608123123","person":"fyz","address":"Brno","ico":"234563234","count":"1","comment":null,"souhlas":true}' 
 </msg>
<msg timestamp="20211110 17:23:26.356" level="INFO">POST Response : url=http://testovani.kitner.cz/regkurz/formsave.php 
 status=200, reason=OK 
 headers={'Server': 'nginx/1.18.0', 'Date': 'Wed, 10 Nov 2021 16:23:27 GMT', 'Content-Type': 'application/json;charset=utf-8', 'Transfer-Encoding': 'chunked', 'Connection': 'keep-alive', 'X-Powered-By': 'PHP/7.3.31-1~deb10u1', 'Cache-Control': 'max-age=30', 'Expires': 'Wed, 10 Nov 2021 16:23:57 GMT'} 
 body={"response":"200","kurz":"2","name":"Jan","surname":"Novak","email":"jan.novak@abc.cz","phone":"608123123","person":"fyz","address":"Brno","ico":"234563234","count":"1","comment":null,"souhlas":true} 
 </msg>
<msg timestamp="20211110 17:23:26.356" level="INFO">${resp} = &lt;Response [200]&gt;</msg>
<status status="PASS" starttime="20211110 17:23:26.297" endtime="20211110 17:23:26.356"/>
</kw>
<kw name="Status Should Be" library="RequestsLibrary">
<arg>${error_resp}</arg>
<doc>Fails if response status code is different than the expected.</doc>
<status status="PASS" starttime="20211110 17:23:26.357" endtime="20211110 17:23:26.357"/>
</kw>
<status status="PASS" starttime="20211110 17:23:26.297" endtime="20211110 17:23:26.357"/>
</kw>
<status status="PASS" starttime="20211110 17:23:26.297" endtime="20211110 17:23:26.357"/>
</test>
<test id="s1-t2" name="registrace chyba">
<kw name="API Comunicaication">
<arg>{"targetid":"","kurz":"","name":"Jan","surname":"Novak","email":"jan.novak@abc.cz","phone":"608123123","person":"fyz","address":"Brno","ico":"234563234","count":"1","comment":null,"souhlas":true}</arg>
<arg>500</arg>
<kw name="Encode String To Bytes" library="String">
<var>${json_utf8}</var>
<arg>${json}</arg>
<arg>UTF-8</arg>
<doc>Encodes the given Unicode ``string`` to bytes using the given ``encoding``.</doc>
<msg timestamp="20211110 17:23:26.360" level="INFO">${json_utf8} = {"targetid":"","kurz":"","name":"Jan","surname":"Novak","email":"jan.novak@abc.cz","phone":"608123123","person":"fyz","address":"Brno","ico":"234563234","count":"1","comment":null,"souhlas":true}</msg>
<status status="PASS" starttime="20211110 17:23:26.360" endtime="20211110 17:23:26.360"/>
</kw>
<kw name="Create Dictionary" library="BuiltIn">
<var>&amp;{header}</var>
<arg>Content-Type=application/json</arg>
<arg>charset=utf-8</arg>
<doc>Creates and returns a dictionary based on the given ``items``.</doc>
<msg timestamp="20211110 17:23:26.361" level="INFO">&amp;{header} = { Content-Type=application/json | charset=utf-8 }</msg>
<status status="PASS" starttime="20211110 17:23:26.361" endtime="20211110 17:23:26.361"/>
</kw>
<kw name="Create Session" library="RequestsLibrary">
<arg>apilogin</arg>
<arg>${url}</arg>
<doc>Create Session: create a HTTP session to a server</doc>
<msg timestamp="20211110 17:23:26.361" level="INFO">Creating Session using : alias=apilogin, url=http://testovani.kitner.cz/, headers={},                     cookies={}, auth=None, timeout=None, proxies=None, verify=False,                     debug=0 </msg>
<status status="PASS" starttime="20211110 17:23:26.361" endtime="20211110 17:23:26.361"/>
</kw>
<kw name="POST On Session" library="RequestsLibrary">
<var>${resp}</var>
<arg>apilogin</arg>
<arg>${app}</arg>
<arg>data=${json_utf8}</arg>
<arg>headers=${header}</arg>
<arg>expected_status=Anything</arg>
<doc>Sends a POST request on a previously created HTTP Session.</doc>
<msg timestamp="20211110 17:23:26.380" level="INFO">POST Request : url=http://testovani.kitner.cz/regkurz/formsave.php 
 path_url=/regkurz/formsave.php 
 headers={'User-Agent': 'python-requests/2.26.0', 'Accept-Encoding': 'gzip, deflate', 'Accept': '*/*', 'Connection': 'keep-alive', 'Content-Type': 'application/json', 'charset': 'utf-8', 'Content-Length': '195'} 
 body=b'{"targetid":"","kurz":"","name":"Jan","surname":"Novak","email":"jan.novak@abc.cz","phone":"608123123","person":"fyz","address":"Brno","ico":"234563234","count":"1","comment":null,"souhlas":true}' 
 </msg>
<msg timestamp="20211110 17:23:26.380" level="INFO">POST Response : url=http://testovani.kitner.cz/regkurz/formsave.php 
 status=500, reason=Internal Server Error 
 headers={'Server': 'nginx/1.18.0', 'Date': 'Wed, 10 Nov 2021 16:23:27 GMT', 'Content-Type': 'application/json;charset=utf-8', 'Transfer-Encoding': 'chunked', 'Connection': 'keep-alive', 'X-Powered-By': 'PHP/7.3.31-1~deb10u1'} 
 body={"response":"500","reason":"Nespr\u00e1vn\u011b vypln\u011bn\u00e9 \u00fadaje.","problem":[{"field":"kurz","issue":"empty"}]} 
 </msg>
<msg timestamp="20211110 17:23:26.380" level="INFO">${resp} = &lt;Response [500]&gt;</msg>
<status status="PASS" starttime="20211110 17:23:26.361" endtime="20211110 17:23:26.380"/>
</kw>
<kw name="Status Should Be" library="RequestsLibrary">
<arg>${error_resp}</arg>
<doc>Fails if response status code is different than the expected.</doc>
<status status="PASS" starttime="20211110 17:23:26.381" endtime="20211110 17:23:26.381"/>
</kw>
<status status="PASS" starttime="20211110 17:23:26.359" endtime="20211110 17:23:26.381"/>
</kw>
<status status="PASS" starttime="20211110 17:23:26.359" endtime="20211110 17:23:26.382"/>
</test>
<test id="s1-t3" name="registrace chybny telefon (moc dlouhy)">
<kw name="API Comunicaication">
<arg>{"targetid":"","kurz":"2","name":"Jan","surname":"Novak","email":"jan.novak@abc.cz","phone":"1112223334","person":"fyz","address":"Brno","ico":"234563234","count":"1","comment":null,"souhlas":true}</arg>
<arg>500</arg>
<kw name="Encode String To Bytes" library="String">
<var>${json_utf8}</var>
<arg>${json}</arg>
<arg>UTF-8</arg>
<doc>Encodes the given Unicode ``string`` to bytes using the given ``encoding``.</doc>
<msg timestamp="20211110 17:23:26.385" level="INFO">${json_utf8} = {"targetid":"","kurz":"2","name":"Jan","surname":"Novak","email":"jan.novak@abc.cz","phone":"1112223334","person":"fyz","address":"Brno","ico":"234563234","count":"1","comment":null,"souhlas":true}</msg>
<status status="PASS" starttime="20211110 17:23:26.385" endtime="20211110 17:23:26.385"/>
</kw>
<kw name="Create Dictionary" library="BuiltIn">
<var>&amp;{header}</var>
<arg>Content-Type=application/json</arg>
<arg>charset=utf-8</arg>
<doc>Creates and returns a dictionary based on the given ``items``.</doc>
<msg timestamp="20211110 17:23:26.385" level="INFO">&amp;{header} = { Content-Type=application/json | charset=utf-8 }</msg>
<status status="PASS" starttime="20211110 17:23:26.385" endtime="20211110 17:23:26.385"/>
</kw>
<kw name="Create Session" library="RequestsLibrary">
<arg>apilogin</arg>
<arg>${url}</arg>
<doc>Create Session: create a HTTP session to a server</doc>
<msg timestamp="20211110 17:23:26.386" level="INFO">Creating Session using : alias=apilogin, url=http://testovani.kitner.cz/, headers={},                     cookies={}, auth=None, timeout=None, proxies=None, verify=False,                     debug=0 </msg>
<status status="PASS" starttime="20211110 17:23:26.385" endtime="20211110 17:23:26.386"/>
</kw>
<kw name="POST On Session" library="RequestsLibrary">
<var>${resp}</var>
<arg>apilogin</arg>
<arg>${app}</arg>
<arg>data=${json_utf8}</arg>
<arg>headers=${header}</arg>
<arg>expected_status=Anything</arg>
<doc>Sends a POST request on a previously created HTTP Session.</doc>
<msg timestamp="20211110 17:23:26.401" level="INFO">POST Request : url=http://testovani.kitner.cz/regkurz/formsave.php 
 path_url=/regkurz/formsave.php 
 headers={'User-Agent': 'python-requests/2.26.0', 'Accept-Encoding': 'gzip, deflate', 'Accept': '*/*', 'Connection': 'keep-alive', 'Content-Type': 'application/json', 'charset': 'utf-8', 'Content-Length': '197'} 
 body=b'{"targetid":"","kurz":"2","name":"Jan","surname":"Novak","email":"jan.novak@abc.cz","phone":"1112223334","person":"fyz","address":"Brno","ico":"234563234","count":"1","comment":null,"souhlas":true}' 
 </msg>
<msg timestamp="20211110 17:23:26.401" level="INFO">POST Response : url=http://testovani.kitner.cz/regkurz/formsave.php 
 status=500, reason=Internal Server Error 
 headers={'Server': 'nginx/1.18.0', 'Date': 'Wed, 10 Nov 2021 16:23:27 GMT', 'Content-Type': 'application/json;charset=utf-8', 'Transfer-Encoding': 'chunked', 'Connection': 'keep-alive', 'X-Powered-By': 'PHP/7.3.31-1~deb10u1'} 
 body={"response":"500","reason":"Nespr\u00e1vn\u011b vypln\u011bn\u00e9 \u00fadaje.","problem":[{"field":"phone","issue":"format","hint":"777123456"}]} 
 </msg>
<msg timestamp="20211110 17:23:26.401" level="INFO">${resp} = &lt;Response [500]&gt;</msg>
<status status="PASS" starttime="20211110 17:23:26.386" endtime="20211110 17:23:26.401"/>
</kw>
<kw name="Status Should Be" library="RequestsLibrary">
<arg>${error_resp}</arg>
<doc>Fails if response status code is different than the expected.</doc>
<status status="PASS" starttime="20211110 17:23:26.401" endtime="20211110 17:23:26.401"/>
</kw>
<status status="PASS" starttime="20211110 17:23:26.384" endtime="20211110 17:23:26.401"/>
</kw>
<status status="PASS" starttime="20211110 17:23:26.384" endtime="20211110 17:23:26.401"/>
</test>
<test id="s1-t4" name="chybny format JSON (bez kurzu)">
<kw name="API Comunicaication">
<arg>{"targetid":"","kurz": "name":"Jan","surname":"Novak","email":"jan.novak@abc.cz","phone":"608123123","person":"fyz","address":"Brno","ico":"234563234","count":"1","comment":null,"souhlas":true}</arg>
<arg>400</arg>
<kw name="Encode String To Bytes" library="String">
<var>${json_utf8}</var>
<arg>${json}</arg>
<arg>UTF-8</arg>
<doc>Encodes the given Unicode ``string`` to bytes using the given ``encoding``.</doc>
<msg timestamp="20211110 17:23:26.401" level="INFO">${json_utf8} = {"targetid":"","kurz": "name":"Jan","surname":"Novak","email":"jan.novak@abc.cz","phone":"608123123","person":"fyz","address":"Brno","ico":"234563234","count":"1","comment":null,"souhlas":true}</msg>
<status status="PASS" starttime="20211110 17:23:26.401" endtime="20211110 17:23:26.401"/>
</kw>
<kw name="Create Dictionary" library="BuiltIn">
<var>&amp;{header}</var>
<arg>Content-Type=application/json</arg>
<arg>charset=utf-8</arg>
<doc>Creates and returns a dictionary based on the given ``items``.</doc>
<msg timestamp="20211110 17:23:26.401" level="INFO">&amp;{header} = { Content-Type=application/json | charset=utf-8 }</msg>
<status status="PASS" starttime="20211110 17:23:26.401" endtime="20211110 17:23:26.401"/>
</kw>
<kw name="Create Session" library="RequestsLibrary">
<arg>apilogin</arg>
<arg>${url}</arg>
<doc>Create Session: create a HTTP session to a server</doc>
<msg timestamp="20211110 17:23:26.401" level="INFO">Creating Session using : alias=apilogin, url=http://testovani.kitner.cz/, headers={},                     cookies={}, auth=None, timeout=None, proxies=None, verify=False,                     debug=0 </msg>
<status status="PASS" starttime="20211110 17:23:26.401" endtime="20211110 17:23:26.401"/>
</kw>
<kw name="POST On Session" library="RequestsLibrary">
<var>${resp}</var>
<arg>apilogin</arg>
<arg>${app}</arg>
<arg>data=${json_utf8}</arg>
<arg>headers=${header}</arg>
<arg>expected_status=Anything</arg>
<doc>Sends a POST request on a previously created HTTP Session.</doc>
<msg timestamp="20211110 17:23:26.417" level="INFO">POST Request : url=http://testovani.kitner.cz/regkurz/formsave.php 
 path_url=/regkurz/formsave.php 
 headers={'User-Agent': 'python-requests/2.26.0', 'Accept-Encoding': 'gzip, deflate', 'Accept': '*/*', 'Connection': 'keep-alive', 'Content-Type': 'application/json', 'charset': 'utf-8', 'Content-Length': '193'} 
 body=b'{"targetid":"","kurz": "name":"Jan","surname":"Novak","email":"jan.novak@abc.cz","phone":"608123123","person":"fyz","address":"Brno","ico":"234563234","count":"1","comment":null,"souhlas":true}' 
 </msg>
<msg timestamp="20211110 17:23:26.417" level="INFO">POST Response : url=http://testovani.kitner.cz/regkurz/formsave.php 
 status=400, reason=Bad Request 
 headers={'Server': 'nginx/1.18.0', 'Date': 'Wed, 10 Nov 2021 16:23:27 GMT', 'Content-Type': 'text/html; charset=iso-8859-1', 'Content-Length': '311', 'Connection': 'keep-alive'} 
 body=&lt;!DOCTYPE HTML PUBLIC "-//IETF//DTD HTML 2.0//EN"&gt;
&lt;html&gt;&lt;head&gt;
&lt;title&gt;400 Bad Request&lt;/title&gt;
&lt;/head&gt;&lt;body&gt;
&lt;h1&gt;Bad Request&lt;/h1&gt;
&lt;p&gt;Your browser sent a request that this server could not understand.&lt;br /&gt;
&lt;/p&gt;
&lt;hr&gt;
&lt;address&gt;Apache/2.4.38 (Debian) Server at testovani.kitner.cz Port 80&lt;/address&gt;
&lt;/body&gt;&lt;/html&gt;
 
 </msg>
<msg timestamp="20211110 17:23:26.417" level="INFO">${resp} = &lt;Response [400]&gt;</msg>
<status status="PASS" starttime="20211110 17:23:26.401" endtime="20211110 17:23:26.417"/>
</kw>
<kw name="Status Should Be" library="RequestsLibrary">
<arg>${error_resp}</arg>
<doc>Fails if response status code is different than the expected.</doc>
<status status="PASS" starttime="20211110 17:23:26.417" endtime="20211110 17:23:26.417"/>
</kw>
<status status="PASS" starttime="20211110 17:23:26.401" endtime="20211110 17:23:26.417"/>
</kw>
<status status="PASS" starttime="20211110 17:23:26.401" endtime="20211110 17:23:26.417"/>
</test>
<status status="PASS" starttime="20211110 17:23:26.111" endtime="20211110 17:23:26.432"/>
</suite>
<statistics>
<total>
<stat pass="4" fail="0" skip="0">All Tests</stat>
</total>
<tag>
</tag>
<suite>
<stat pass="4" fail="0" skip="0" id="s1" name="Api">Api</stat>
</suite>
</statistics>
<errors>
</errors>
</robot>
