<?xml version="1.0" encoding="UTF-8"?>
<robot generator="Robot 4.1.2 (Python 3.10.0 on win32)" generated="20211127 12:12:50.454" rpa="false" schemaversion="2">
<suite id="s1" name="Projekt8" source="C:\Users\toman\jak_automatizovat_testy\ucastnici\current\Tomanova_Nada\projekt8.robot">
<test id="s1-t1" name="Prihlaseni a napoj">
<kw name="New Browser" library="Browser" type="SETUP">
<arg>${browser}</arg>
<arg>headless=false</arg>
<tag>BrowserControl</tag>
<tag>Setter</tag>
<doc>Create a new playwright Browser with specified options.</doc>
<msg timestamp="20211127 12:12:51.817" level="INFO">{"browser": "chromium", "headless": false, "handleSIGINT": true, "handleSIGTERM": true, "handleSIGHUP": true, "timeout": 30000.0, "devtools": false, "slowMo": 0.0, "tracesDir": "C:\\Users\\toman\\jak_automatizovat_testy\\ucastnici\\current\\Tomanova_Nada\\browser\\traces\\d35163ee-4da9-4ed4-977d-49b65a9217c5"}</msg>
<msg timestamp="20211127 12:12:52.334" level="INFO">Successfully created browser with options: {"browser":"chromium","headless":false,"handleSIGINT":true,"handleSIGTERM":true,"handleSIGHUP":true,"timeout":30000,"devtools":false,"slowMo":0,"tracesDir":"C:\\Users\\toman\\jak_automatizovat_testy\\ucastnici\\current\\Tomanova_Nada\\browser\\traces\\d35163ee-4da9-4ed4-977d-49b65a9217c5"}</msg>
<status status="PASS" starttime="20211127 12:12:51.817" endtime="20211127 12:12:52.334"/>
</kw>
<kw name="Login">
<arg>${pemail}</arg>
<arg>${pheslo}</arg>
<arg>JT</arg>
<kw name="Set Browser Timeout" library="Browser">
<var>${timeout}</var>
<arg>20</arg>
<tag>Config</tag>
<tag>Setter</tag>
<doc>Sets the timeout used by most input and getter keywords.</doc>
<msg timestamp="20211127 12:12:52.350" level="INFO">No context open.</msg>
<msg timestamp="20211127 12:12:52.350" level="INFO">${timeout} = 10 seconds</msg>
<status status="PASS" starttime="20211127 12:12:52.350" endtime="20211127 12:12:52.350"/>
</kw>
<kw name="Log" library="BuiltIn">
<arg>${pemail}</arg>
<doc>Logs the given message with the given level.</doc>
<msg timestamp="20211127 12:12:52.350" level="INFO">tomanova.nada@post.cz</msg>
<status status="PASS" starttime="20211127 12:12:52.350" endtime="20211127 12:12:52.350"/>
</kw>
<kw name="Log" library="BuiltIn">
<arg>${pheslo}</arg>
<doc>Logs the given message with the given level.</doc>
<msg timestamp="20211127 12:12:52.350" level="INFO">qRmuCPfuDnkK94X</msg>
<status status="PASS" starttime="20211127 12:12:52.350" endtime="20211127 12:12:52.350"/>
</kw>
<kw name="Log" library="BuiltIn">
<arg>${pnastane}</arg>
<doc>Logs the given message with the given level.</doc>
<msg timestamp="20211127 12:12:52.350" level="INFO">JT</msg>
<status status="PASS" starttime="20211127 12:12:52.350" endtime="20211127 12:12:52.350"/>
</kw>
<kw name="New Page" library="Browser">
<arg>${URL}</arg>
<tag>BrowserControl</tag>
<tag>Setter</tag>
<doc>Open a new Page. A Page is the Playwright equivalent to a tab.
See `Browser, Context and Page` for more information about Page concept.
Returns a stable identifier for the created page.</doc>
<msg timestamp="20211127 12:12:56.386" level="INFO">Successfully initialized new page object and opened url: https://www.rohlik.cz</msg>
<msg timestamp="20211127 12:12:56.386" level="INFO">No context was open. New context was automatically opened when this page is created.</msg>
<status status="PASS" starttime="20211127 12:12:52.350" endtime="20211127 12:12:56.386"/>
</kw>
<kw name="Get Title" library="Browser">
<arg>contains</arg>
<arg>${SEL_title_rohlik}</arg>
<tag>Assertion</tag>
<tag>Getter</tag>
<tag>PageContent</tag>
<doc>Returns the title of the current page.</doc>
<status status="PASS" starttime="20211127 12:12:56.387" endtime="20211127 12:12:56.402"/>
</kw>
<kw name="Click" library="Browser">
<arg>id=headerLogin</arg>
<tag>PageContent</tag>
<tag>Setter</tag>
<doc>Simulates mouse click on the element found by ``selector``.</doc>
<status status="PASS" starttime="20211127 12:12:56.402" endtime="20211127 12:12:56.626"/>
</kw>
<kw name="Type Text" library="Browser">
<arg>id=email</arg>
<arg>${pemail}</arg>
<tag>PageContent</tag>
<tag>Setter</tag>
<doc>Types the given ``txt`` into the text field found by ``selector``.</doc>
<msg timestamp="20211127 12:12:56.627" level="INFO">Types the text 'tomanova.nada@post.cz' in the given field.</msg>
<status status="PASS" starttime="20211127 12:12:56.626" endtime="20211127 12:12:57.092"/>
</kw>
<kw name="Type Text" library="Browser">
<arg>id=password</arg>
<arg>${pheslo}</arg>
<tag>PageContent</tag>
<tag>Setter</tag>
<doc>Types the given ``txt`` into the text field found by ``selector``.</doc>
<msg timestamp="20211127 12:12:57.092" level="INFO">Types the text 'qRmuCPfuDnkK94X' in the given field.</msg>
<status status="PASS" starttime="20211127 12:12:57.092" endtime="20211127 12:12:57.293"/>
</kw>
<kw name="Click" library="Browser">
<arg>data-test=btnSignIn</arg>
<tag>PageContent</tag>
<tag>Setter</tag>
<doc>Simulates mouse click on the element found by ``selector``.</doc>
<status status="PASS" starttime="20211127 12:12:57.293" endtime="20211127 12:12:57.462"/>
</kw>
<status status="PASS" starttime="20211127 12:12:52.334" endtime="20211127 12:12:57.463"/>
</kw>
<kw name="Click" library="Browser">
<arg>xpath=//*[@id="sortiment"]/ul/li[8]/a/span</arg>
<tag>PageContent</tag>
<tag>Setter</tag>
<doc>Simulates mouse click on the element found by ``selector``.</doc>
<status status="PASS" starttime="20211127 12:12:57.464" endtime="20211127 12:12:57.900"/>
</kw>
<kw name="Click" library="Browser">
<arg>xpath=//*[@id="pageFullWidth"]/main/div[2]/div[2]/ul/li[3]/a/span</arg>
<tag>PageContent</tag>
<tag>Setter</tag>
<doc>Simulates mouse click on the element found by ``selector``.</doc>
<status status="PASS" starttime="20211127 12:12:57.901" endtime="20211127 12:12:59.200"/>
</kw>
<kw name="Sleep" library="BuiltIn">
<arg>3</arg>
<doc>Pauses the test executed for the given time.</doc>
<msg timestamp="20211127 12:13:02.203" level="INFO">Slept 3 seconds</msg>
<status status="PASS" starttime="20211127 12:12:59.201" endtime="20211127 12:13:02.203"/>
</kw>
<kw name="Click" library="Browser">
<arg>xpath=//*[@id="pageFullWidth"]/main/div[2]/div[2]/ul/li[1]/a/span</arg>
<tag>PageContent</tag>
<tag>Setter</tag>
<doc>Simulates mouse click on the element found by ``selector``.</doc>
<status status="PASS" starttime="20211127 12:13:02.203" endtime="20211127 12:13:02.291"/>
</kw>
<kw name="Sleep" library="BuiltIn">
<arg>3</arg>
<doc>Pauses the test executed for the given time.</doc>
<msg timestamp="20211127 12:13:05.295" level="INFO">Slept 3 seconds</msg>
<status status="PASS" starttime="20211127 12:13:02.292" endtime="20211127 12:13:05.295"/>
</kw>
<kw name="Click" library="Browser">
<arg>xpath=//*[@id="pageFullWidth"]/main/div[2]/div[3]/div/div/div/div/div[1]/article/a/div/div[2]/img</arg>
<tag>PageContent</tag>
<tag>Setter</tag>
<doc>Simulates mouse click on the element found by ``selector``.</doc>
<status status="PASS" starttime="20211127 12:13:05.295" endtime="20211127 12:13:05.854"/>
</kw>
<kw name="Sleep" library="BuiltIn">
<arg>3</arg>
<doc>Pauses the test executed for the given time.</doc>
<msg timestamp="20211127 12:13:08.857" level="INFO">Slept 3 seconds</msg>
<status status="PASS" starttime="20211127 12:13:05.855" endtime="20211127 12:13:08.857"/>
</kw>
<kw name="Click" library="Browser">
<arg>xpath=//*[@id="productDetail"]/div[1]/div[3]/div[3]/div/div/button</arg>
<tag>PageContent</tag>
<tag>Setter</tag>
<doc>Simulates mouse click on the element found by ``selector``.</doc>
<status status="PASS" starttime="20211127 12:13:08.857" endtime="20211127 12:13:09.019"/>
</kw>
<kw name="Click" library="Browser">
<arg>xpath=//*[@id="modalOverlay"]/div/div/div[2]/div</arg>
<tag>PageContent</tag>
<tag>Setter</tag>
<doc>Simulates mouse click on the element found by ``selector``.</doc>
<status status="PASS" starttime="20211127 12:13:09.074" endtime="20211127 12:13:10.173"/>
</kw>
<kw name="Sleep" library="BuiltIn">
<arg>3</arg>
<doc>Pauses the test executed for the given time.</doc>
<msg timestamp="20211127 12:13:13.184" level="INFO">Slept 3 seconds</msg>
<status status="PASS" starttime="20211127 12:13:10.174" endtime="20211127 12:13:13.184"/>
</kw>
<kw name="Click" library="Browser">
<arg>xpath=//*[@id="product_1351609"]/div[2]/div/button[1]</arg>
<tag>PageContent</tag>
<tag>Setter</tag>
<doc>Simulates mouse click on the element found by ``selector``.</doc>
<msg timestamp="20211127 12:13:33.485" level="INFO" html="true">&lt;/td&gt;&lt;/tr&gt;&lt;tr&gt;&lt;td colspan="3"&gt;&lt;a href="browser/screenshot/fail-screenshot-1.png"&gt;&lt;img src="browser/screenshot/fail-screenshot-1.png" width="800px"&gt;&lt;/a&gt;</msg>
<msg timestamp="20211127 12:13:33.949" level="FAIL">TimeoutError: page.click: Timeout 20000ms exceeded.
=========================== logs ===========================
waiting for selector "xpath=//*[@id="product_1351609"]/div[2]/div/button[1]"
============================================================</msg>
<status status="FAIL" starttime="20211127 12:13:13.184" endtime="20211127 12:13:33.949"/>
</kw>
<kw name="Sleep" library="BuiltIn">
<arg>3</arg>
<doc>Pauses the test executed for the given time.</doc>
<status status="NOT RUN" starttime="20211127 12:13:33.949" endtime="20211127 12:13:33.949"/>
</kw>
<kw name="Logout" type="TEARDOWN">
<kw name="Click" library="Browser">
<arg>xpath=//*[@id="headerUser"]/div</arg>
<tag>PageContent</tag>
<tag>Setter</tag>
<doc>Simulates mouse click on the element found by ``selector``.</doc>
<status status="PASS" starttime="20211127 12:13:33.949" endtime="20211127 12:13:34.238"/>
</kw>
<kw name="Click" library="Browser">
<arg>data-test=user-box-logout-button</arg>
<tag>PageContent</tag>
<tag>Setter</tag>
<doc>Simulates mouse click on the element found by ``selector``.</doc>
<status status="PASS" starttime="20211127 12:13:34.238" endtime="20211127 12:13:34.560"/>
</kw>
<status status="PASS" starttime="20211127 12:13:33.949" endtime="20211127 12:13:34.561"/>
</kw>
<status status="FAIL" starttime="20211127 12:12:51.817" endtime="20211127 12:13:34.564">TimeoutError: page.click: Timeout 20000ms exceeded.
=========================== logs ===========================
waiting for selector "xpath=//*[@id="product_1351609"]/div[2]/div/button[1]"
============================================================</status>
</test>
<status status="FAIL" starttime="20211127 12:12:50.454" endtime="20211127 12:13:34.675"/>
</suite>
<statistics>
<total>
<stat pass="0" fail="1" skip="0">All Tests</stat>
</total>
<tag>
</tag>
<suite>
<stat pass="0" fail="1" skip="0" id="s1" name="Projekt8">Projekt8</stat>
</suite>
</statistics>
<errors>
</errors>
</robot>
